Query:
/*!40101 SET NAMES utf8 *//*!40101 SET SQL_MODE=''*/

Error occured at:2012-12-18 15:16:49
Line no.:9
Error Code: 1064 - You have an error in your SQL syntax; check the manual that corresponds to your MySQL server version for the right syntax to use near 'SET SQL_MODE=''*/' at line 1
Query:
/*!40101 SET NAMES utf8 *//*!40101 SET SQL_MODE=''*/

Error occured at:2012-12-18 15:17:40
Line no.:9
Error Code: 1064 - You have an error in your SQL syntax; check the manual that corresponds to your MySQL server version for the right syntax to use near 'SET SQL_MODE=''*/' at line 1
Query:
/*!40101 SET NAMES utf8 *//*!40101 SET SQL_MODE=''*/

Error occured at:2012-12-18 17:24:03
Line no.:9
Error Code: 1064 - You have an error in your SQL syntax; check the manual that corresponds to your MySQL server version for the right syntax to use near 'SET SQL_MODE=''*/' at line 1
Query:
/*!40101 SET SQL_MODE=@OLD_SQL_MODE *//*!40014 SET FOREIGN_KEY_CHECKS=@OLD_FOREIGN_KEY_CHECKS */

Error occured at:2012-12-18 17:25:15
Line no.:98
Error Code: 1064 - You have an error in your SQL syntax; check the manual that corresponds to your MySQL server version for the right syntax to use near 'SET FOREIGN_KEY_CHECKS=@OLD_FOREIGN_KEY_CHECKS */' at line 1
